PHP Notice:  Undefined variable: result_array in /var/www/html/cli_script.php on line 51

Notice: Undefined variable: result_array in /var/www/html/cli_script.php on line 51
PHP Warning:  array_column() expects parameter 1 to be array, null given in /var/www/html/cli_script.php on line 51

Warning: array_column() expects parameter 1 to be array, null given in /var/www/html/cli_script.php on line 51
PHP Warning:  array_unique() expects parameter 1 to be array, null given in /var/www/html/cli_script.php on line 51

Warning: array_unique() expects parameter 1 to be array, null given in /var/www/html/cli_script.php on line 51
PHP Warning:  Invalid argument supplied for foreach() in /var/www/html/cli_script.php on line 52

Warning: Invalid argument supplied for foreach() in /var/www/html/cli_script.php on line 52
PHP Notice:  Undefined variable: result_array in /var/www/html/cli_script.php on line 61

Notice: Undefined variable: result_array in /var/www/html/cli_script.php on line 61
PHP Warning:  Invalid argument supplied for foreach() in /var/www/html/cli_script.php on line 61

Warning: Invalid argument supplied for foreach() in /var/www/html/cli_script.php on line 61
array(1) {
  ["base"]=>
  object(mysqli)#1 (19) {
    ["affected_rows"]=>
    int(-1)
    ["client_info"]=>
    string(6) "5.1.73"
    ["client_version"]=>
    int(50173)
    ["connect_errno"]=>
    int(0)
    ["connect_error"]=>
    NULL
    ["errno"]=>
    int(1064)
    ["error"]=>
    string(163) "You have an error in your SQL syntax; check the manual that corresponds to your MySQL server version for the right syntax to use near 'a._group_id = '3'' at line 1"
    ["error_list"]=>
    array(1) {
      [0]=>
      array(3) {
        ["errno"]=>
        int(1064)
        ["sqlstate"]=>
        string(5) "42000"
        ["error"]=>
        string(163) "You have an error in your SQL syntax; check the manual that corresponds to your MySQL server version for the right syntax to use near 'a._group_id = '3'' at line 1"
      }
    }
    ["field_count"]=>
    int(0)
    ["host_info"]=>
    string(23) "192.168.0.27 via TCP/IP"
    ["info"]=>
    NULL
    ["insert_id"]=>
    int(0)
    ["server_info"]=>
    string(10) "5.1.63-log"
    ["server_version"]=>
    int(50163)
    ["stat"]=>
    string(144) "Uptime: 739903  Threads: 22  Questions: 2030934  Slow queries: 49  Opens: 15291  Flush tables: 1  Open tables: 64  Queries per second avg: 2.744"
    ["sqlstate"]=>
    string(5) "00000"
    ["protocol_version"]=>
    int(10)
    ["thread_id"]=>
    int(9290)
    ["warning_count"]=>
    int(0)
  }
}
